Build output check failed:
    Regex: 'command[- ]line option .* is valid for .* but not for C'
    Output line: 'cc1: warning: command line option ‘-Wnon-virtual-dtor’ is valid for C++/ObjC++ but not for C'
Compilation failed:
    source file: '/workspaces/node-based-image-processor/build/CMakeFiles/CMakeTmp/src.c'
    check option: ' -fsigned-char -W -Wall -Wreturn-type  -Wnon-virtual-dtor'
===== BUILD LOG =====
Change Dir: /workspaces/node-based-image-processor/build/CMakeFiles/CMakeTmp

Run Build Command(s):/usr/bin/make cmTC_8fa16/fast && /usr/bin/make -f CMakeFiles/cmTC_8fa16.dir/build.make CMakeFiles/cmTC_8fa16.dir/build
make[1]: Entering directory '/workspaces/node-based-image-processor/build/CMakeFiles/CMakeTmp'
Building C object CMakeFiles/cmTC_8fa16.dir/src.c.o
/usr/bin/cc   -O3 -DNDEBUG -fPIE    -fsigned-char -W -Wall -Wreturn-type  -Wnon-virtual-dtor -o CMakeFiles/cmTC_8fa16.dir/src.c.o   -c /workspaces/node-based-image-processor/build/CMakeFiles/CMakeTmp/src.c
cc1: warning: command line option ‘-Wnon-virtual-dtor’ is valid for C++/ObjC++ but not for C
/workspaces/node-based-image-processor/build/CMakeFiles/CMakeTmp/src.c:1: warning: ignoring #pragma   [-Wunknown-pragmas]
    1 | #pragma
      | 
Linking C executable cmTC_8fa16
/usr/bin/cmake -E cmake_link_script CMakeFiles/cmTC_8fa16.dir/link.txt --verbose=1
/usr/bin/cc   -O3 -DNDEBUG    CMakeFiles/cmTC_8fa16.dir/src.c.o  -o cmTC_8fa16 
make[1]: Leaving directory '/workspaces/node-based-image-processor/build/CMakeFiles/CMakeTmp'


===== END =====

Build output check failed:
    Regex: 'command[- ]line option .* is valid for .* but not for C\+\+'
    Output line: 'cc1plus: warning: command line option ‘-Wmissing-prototypes’ is valid for C/ObjC but not for C++'
Compilation failed:
    source file: '/workspaces/node-based-image-processor/build/CMakeFiles/CMakeTmp/src.cxx'
    check option: ' -fsigned-char -W -Wall -Wreturn-type -Wnon-virtual-dtor -Waddress -Wsequence-point -Wformat -Wformat-security -Wmissing-declarations  -Wmissing-prototypes'
===== BUILD LOG =====
Change Dir: /workspaces/node-based-image-processor/build/CMakeFiles/CMakeTmp

Run Build Command(s):/usr/bin/make cmTC_860ab/fast && /usr/bin/make -f CMakeFiles/cmTC_860ab.dir/build.make CMakeFiles/cmTC_860ab.dir/build
make[1]: Entering directory '/workspaces/node-based-image-processor/build/CMakeFiles/CMakeTmp'
Building CXX object CMakeFiles/cmTC_860ab.dir/src.cxx.o
/usr/bin/c++    -O3 -DNDEBUG -fPIE    -fsigned-char -W -Wall -Wreturn-type -Wnon-virtual-dtor -Waddress -Wsequence-point -Wformat -Wformat-security -Wmissing-declarations  -Wmissing-prototypes -std=c++11 -o CMakeFiles/cmTC_860ab.dir/src.cxx.o -c /workspaces/node-based-image-processor/build/CMakeFiles/CMakeTmp/src.cxx
cc1plus: warning: command line option ‘-Wmissing-prototypes’ is valid for C/ObjC but not for C++
/workspaces/node-based-image-processor/build/CMakeFiles/CMakeTmp/src.cxx:1: warning: ignoring #pragma   [-Wunknown-pragmas]
    1 | #pragma
      | 
Linking CXX executable cmTC_860ab
/usr/bin/cmake -E cmake_link_script CMakeFiles/cmTC_860ab.dir/link.txt --verbose=1
/usr/bin/c++    -O3 -DNDEBUG    CMakeFiles/cmTC_860ab.dir/src.cxx.o  -o cmTC_860ab 
make[1]: Leaving directory '/workspaces/node-based-image-processor/build/CMakeFiles/CMakeTmp'


===== END =====

Build output check failed:
    Regex: 'command[- ]line option .* is valid for .* but not for C\+\+'
    Output line: 'cc1plus: warning: command line option ‘-Wstrict-prototypes’ is valid for C/ObjC but not for C++'
Compilation failed:
    source file: '/workspaces/node-based-image-processor/build/CMakeFiles/CMakeTmp/src.cxx'
    check option: ' -fsigned-char -W -Wall -Wreturn-type -Wnon-virtual-dtor -Waddress -Wsequence-point -Wformat -Wformat-security -Wmissing-declarations  -Wstrict-prototypes'
===== BUILD LOG =====
Change Dir: /workspaces/node-based-image-processor/build/CMakeFiles/CMakeTmp

Run Build Command(s):/usr/bin/make cmTC_340fc/fast && /usr/bin/make -f CMakeFiles/cmTC_340fc.dir/build.make CMakeFiles/cmTC_340fc.dir/build
make[1]: Entering directory '/workspaces/node-based-image-processor/build/CMakeFiles/CMakeTmp'
Building CXX object CMakeFiles/cmTC_340fc.dir/src.cxx.o
/usr/bin/c++    -O3 -DNDEBUG -fPIE    -fsigned-char -W -Wall -Wreturn-type -Wnon-virtual-dtor -Waddress -Wsequence-point -Wformat -Wformat-security -Wmissing-declarations  -Wstrict-prototypes -std=c++11 -o CMakeFiles/cmTC_340fc.dir/src.cxx.o -c /workspaces/node-based-image-processor/build/CMakeFiles/CMakeTmp/src.cxx
cc1plus: warning: command line option ‘-Wstrict-prototypes’ is valid for C/ObjC but not for C++
/workspaces/node-based-image-processor/build/CMakeFiles/CMakeTmp/src.cxx:1: warning: ignoring #pragma   [-Wunknown-pragmas]
    1 | #pragma
      | 
Linking CXX executable cmTC_340fc
/usr/bin/cmake -E cmake_link_script CMakeFiles/cmTC_340fc.dir/link.txt --verbose=1
/usr/bin/c++    -O3 -DNDEBUG    CMakeFiles/cmTC_340fc.dir/src.cxx.o  -o cmTC_340fc 
make[1]: Leaving directory '/workspaces/node-based-image-processor/build/CMakeFiles/CMakeTmp'


===== END =====

Build output check failed:
    Regex: 'command[- ]line option .* is valid for .* but not for C'
    Output line: 'cc1: warning: command line option ‘-Wsign-promo’ is valid for C++/ObjC++ but not for C'
Compilation failed:
    source file: '/workspaces/node-based-image-processor/build/CMakeFiles/CMakeTmp/src.c'
    check option: ' -fsigned-char -W -Wall -Wreturn-type -Waddress -Wsequence-point -Wformat -Wformat-security -Wmissing-declarations -Wmissing-prototypes -Wstrict-prototypes -Wundef -Winit-self -Wpointer-arith -Wshadow  -Wsign-promo'
===== BUILD LOG =====
Change Dir: /workspaces/node-based-image-processor/build/CMakeFiles/CMakeTmp

Run Build Command(s):/usr/bin/make cmTC_7eb67/fast && /usr/bin/make -f CMakeFiles/cmTC_7eb67.dir/build.make CMakeFiles/cmTC_7eb67.dir/build
make[1]: Entering directory '/workspaces/node-based-image-processor/build/CMakeFiles/CMakeTmp'
Building C object CMakeFiles/cmTC_7eb67.dir/src.c.o
/usr/bin/cc   -O3 -DNDEBUG -fPIE    -fsigned-char -W -Wall -Wreturn-type -Waddress -Wsequence-point -Wformat -Wformat-security -Wmissing-declarations -Wmissing-prototypes -Wstrict-prototypes -Wundef -Winit-self -Wpointer-arith -Wshadow  -Wsign-promo -o CMakeFiles/cmTC_7eb67.dir/src.c.o   -c /workspaces/node-based-image-processor/build/CMakeFiles/CMakeTmp/src.c
cc1: warning: command line option ‘-Wsign-promo’ is valid for C++/ObjC++ but not for C
/workspaces/node-based-image-processor/build/CMakeFiles/CMakeTmp/src.c:1: warning: ignoring #pragma   [-Wunknown-pragmas]
    1 | #pragma
      | 
Linking C executable cmTC_7eb67
/usr/bin/cmake -E cmake_link_script CMakeFiles/cmTC_7eb67.dir/link.txt --verbose=1
/usr/bin/cc   -O3 -DNDEBUG    CMakeFiles/cmTC_7eb67.dir/src.c.o  -o cmTC_7eb67 
make[1]: Leaving directory '/workspaces/node-based-image-processor/build/CMakeFiles/CMakeTmp'


===== END =====

Build output check failed:
    Regex: 'command[- ]line option .* is valid for .* but not for C'
    Output line: 'cc1: warning: command line option ‘-Wsuggest-override’ is valid for C++/ObjC++ but not for C'
Compilation failed:
    source file: '/workspaces/node-based-image-processor/build/CMakeFiles/CMakeTmp/src.c'
    check option: ' -fsigned-char -W -Wall -Wreturn-type -Waddress -Wsequence-point -Wformat -Wformat-security -Wmissing-declarations -Wmissing-prototypes -Wstrict-prototypes -Wundef -Winit-self -Wpointer-arith -Wshadow -Wuninitialized  -Wsuggest-override'
===== BUILD LOG =====
Change Dir: /workspaces/node-based-image-processor/build/CMakeFiles/CMakeTmp

Run Build Command(s):/usr/bin/make cmTC_c995d/fast && /usr/bin/make -f CMakeFiles/cmTC_c995d.dir/build.make CMakeFiles/cmTC_c995d.dir/build
make[1]: Entering directory '/workspaces/node-based-image-processor/build/CMakeFiles/CMakeTmp'
Building C object CMakeFiles/cmTC_c995d.dir/src.c.o
/usr/bin/cc   -O3 -DNDEBUG -fPIE    -fsigned-char -W -Wall -Wreturn-type -Waddress -Wsequence-point -Wformat -Wformat-security -Wmissing-declarations -Wmissing-prototypes -Wstrict-prototypes -Wundef -Winit-self -Wpointer-arith -Wshadow -Wuninitialized  -Wsuggest-override -o CMakeFiles/cmTC_c995d.dir/src.c.o   -c /workspaces/node-based-image-processor/build/CMakeFiles/CMakeTmp/src.c
cc1: warning: command line option ‘-Wsuggest-override’ is valid for C++/ObjC++ but not for C
/workspaces/node-based-image-processor/build/CMakeFiles/CMakeTmp/src.c:1: warning: ignoring #pragma   [-Wunknown-pragmas]
    1 | #pragma
      | 
Linking C executable cmTC_c995d
/usr/bin/cmake -E cmake_link_script CMakeFiles/cmTC_c995d.dir/link.txt --verbose=1
/usr/bin/cc   -O3 -DNDEBUG    CMakeFiles/cmTC_c995d.dir/src.c.o  -o cmTC_c995d 
make[1]: Leaving directory '/workspaces/node-based-image-processor/build/CMakeFiles/CMakeTmp'


===== END =====

Build output check failed:
    Regex: 'command[- ]line option .* is valid for .* but not for C'
    Output line: 'cc1: warning: command line option ‘-Wno-delete-non-virtual-dtor’ is valid for C++/ObjC++ but not for C'
Compilation failed:
    source file: '/workspaces/node-based-image-processor/build/CMakeFiles/CMakeTmp/src.c'
    check option: ' -fsigned-char -W -Wall -Wreturn-type -Waddress -Wsequence-point -Wformat -Wformat-security -Wmissing-declarations -Wmissing-prototypes -Wstrict-prototypes -Wundef -Winit-self -Wpointer-arith -Wshadow -Wuninitialized  -Wno-delete-non-virtual-dtor'
===== BUILD LOG =====
Change Dir: /workspaces/node-based-image-processor/build/CMakeFiles/CMakeTmp

Run Build Command(s):/usr/bin/make cmTC_d018c/fast && /usr/bin/make -f CMakeFiles/cmTC_d018c.dir/build.make CMakeFiles/cmTC_d018c.dir/build
make[1]: Entering directory '/workspaces/node-based-image-processor/build/CMakeFiles/CMakeTmp'
Building C object CMakeFiles/cmTC_d018c.dir/src.c.o
/usr/bin/cc   -O3 -DNDEBUG -fPIE    -fsigned-char -W -Wall -Wreturn-type -Waddress -Wsequence-point -Wformat -Wformat-security -Wmissing-declarations -Wmissing-prototypes -Wstrict-prototypes -Wundef -Winit-self -Wpointer-arith -Wshadow -Wuninitialized  -Wno-delete-non-virtual-dtor -o CMakeFiles/cmTC_d018c.dir/src.c.o   -c /workspaces/node-based-image-processor/build/CMakeFiles/CMakeTmp/src.c
cc1: warning: command line option ‘-Wno-delete-non-virtual-dtor’ is valid for C++/ObjC++ but not for C
/workspaces/node-based-image-processor/build/CMakeFiles/CMakeTmp/src.c:1: warning: ignoring #pragma   [-Wunknown-pragmas]
    1 | #pragma
      | 
Linking C executable cmTC_d018c
/usr/bin/cmake -E cmake_link_script CMakeFiles/cmTC_d018c.dir/link.txt --verbose=1
/usr/bin/cc   -O3 -DNDEBUG    CMakeFiles/cmTC_d018c.dir/src.c.o  -o cmTC_d018c 
make[1]: Leaving directory '/workspaces/node-based-image-processor/build/CMakeFiles/CMakeTmp'


===== END =====

Build output check failed:
    Regex: 'unrecognized .*option'
    Output line: 'cc1plus: warning: unrecognized command line option ‘-Wno-unnamed-type-template-args’'
Compilation failed:
    source file: '/workspaces/node-based-image-processor/build/CMakeFiles/CMakeTmp/src.cxx'
    check option: ' -fsigned-char -W -Wall -Wreturn-type -Wnon-virtual-dtor -Waddress -Wsequence-point -Wformat -Wformat-security -Wmissing-declarations -Wundef -Winit-self -Wpointer-arith -Wshadow -Wsign-promo -Wuninitialized -Wsuggest-override -Wno-delete-non-virtual-dtor  -Wno-unnamed-type-template-args'
===== BUILD LOG =====
Change Dir: /workspaces/node-based-image-processor/build/CMakeFiles/CMakeTmp

Run Build Command(s):/usr/bin/make cmTC_858a8/fast && /usr/bin/make -f CMakeFiles/cmTC_858a8.dir/build.make CMakeFiles/cmTC_858a8.dir/build
make[1]: Entering directory '/workspaces/node-based-image-processor/build/CMakeFiles/CMakeTmp'
Building CXX object CMakeFiles/cmTC_858a8.dir/src.cxx.o
/usr/bin/c++    -O3 -DNDEBUG -fPIE    -fsigned-char -W -Wall -Wreturn-type -Wnon-virtual-dtor -Waddress -Wsequence-point -Wformat -Wformat-security -Wmissing-declarations -Wundef -Winit-self -Wpointer-arith -Wshadow -Wsign-promo -Wuninitialized -Wsuggest-override -Wno-delete-non-virtual-dtor  -Wno-unnamed-type-template-args -std=c++11 -o CMakeFiles/cmTC_858a8.dir/src.cxx.o -c /workspaces/node-based-image-processor/build/CMakeFiles/CMakeTmp/src.cxx
/workspaces/node-based-image-processor/build/CMakeFiles/CMakeTmp/src.cxx:1: warning: ignoring #pragma   [-Wunknown-pragmas]
    1 | #pragma
      | 
cc1plus: warning: unrecognized command line option ‘-Wno-unnamed-type-template-args’
Linking CXX executable cmTC_858a8
/usr/bin/cmake -E cmake_link_script CMakeFiles/cmTC_858a8.dir/link.txt --verbose=1
/usr/bin/c++    -O3 -DNDEBUG    CMakeFiles/cmTC_858a8.dir/src.cxx.o  -o cmTC_858a8 
make[1]: Leaving directory '/workspaces/node-based-image-processor/build/CMakeFiles/CMakeTmp'


===== END =====

Build output check failed:
    Regex: 'unrecognized .*option'
    Output line: 'cc1: warning: unrecognized command line option ‘-Wno-unnamed-type-template-args’'
Compilation failed:
    source file: '/workspaces/node-based-image-processor/build/CMakeFiles/CMakeTmp/src.c'
    check option: ' -fsigned-char -W -Wall -Wreturn-type -Waddress -Wsequence-point -Wformat -Wformat-security -Wmissing-declarations -Wmissing-prototypes -Wstrict-prototypes -Wundef -Winit-self -Wpointer-arith -Wshadow -Wuninitialized  -Wno-unnamed-type-template-args'
===== BUILD LOG =====
Change Dir: /workspaces/node-based-image-processor/build/CMakeFiles/CMakeTmp

Run Build Command(s):/usr/bin/make cmTC_e6296/fast && /usr/bin/make -f CMakeFiles/cmTC_e6296.dir/build.make CMakeFiles/cmTC_e6296.dir/build
make[1]: Entering directory '/workspaces/node-based-image-processor/build/CMakeFiles/CMakeTmp'
Building C object CMakeFiles/cmTC_e6296.dir/src.c.o
/usr/bin/cc   -O3 -DNDEBUG -fPIE    -fsigned-char -W -Wall -Wreturn-type -Waddress -Wsequence-point -Wformat -Wformat-security -Wmissing-declarations -Wmissing-prototypes -Wstrict-prototypes -Wundef -Winit-self -Wpointer-arith -Wshadow -Wuninitialized  -Wno-unnamed-type-template-args -o CMakeFiles/cmTC_e6296.dir/src.c.o   -c /workspaces/node-based-image-processor/build/CMakeFiles/CMakeTmp/src.c
/workspaces/node-based-image-processor/build/CMakeFiles/CMakeTmp/src.c:1: warning: ignoring #pragma   [-Wunknown-pragmas]
    1 | #pragma
      | 
cc1: warning: unrecognized command line option ‘-Wno-unnamed-type-template-args’
Linking C executable cmTC_e6296
/usr/bin/cmake -E cmake_link_script CMakeFiles/cmTC_e6296.dir/link.txt --verbose=1
/usr/bin/cc   -O3 -DNDEBUG    CMakeFiles/cmTC_e6296.dir/src.c.o  -o cmTC_e6296 
make[1]: Leaving directory '/workspaces/node-based-image-processor/build/CMakeFiles/CMakeTmp'


===== END =====

Compilation failed:
    source file: '/workspaces/node-based-image-processor/opencv/cmake/checks/cpu_sse3.cpp'
    check option: ''
===== BUILD LOG =====
Change Dir: /workspaces/node-based-image-processor/build/CMakeFiles/CMakeTmp

Run Build Command(s):/usr/bin/make cmTC_74518/fast && /usr/bin/make -f CMakeFiles/cmTC_74518.dir/build.make CMakeFiles/cmTC_74518.dir/build
make[1]: Entering directory '/workspaces/node-based-image-processor/build/CMakeFiles/CMakeTmp'
Building CXX object CMakeFiles/cmTC_74518.dir/cpu_sse3.cpp.o
/usr/bin/c++    -O3 -DNDEBUG -fPIE   -std=c++11 -o CMakeFiles/cmTC_74518.dir/cpu_sse3.cpp.o -c /workspaces/node-based-image-processor/opencv/cmake/checks/cpu_sse3.cpp
In file included from /workspaces/node-based-image-processor/opencv/cmake/checks/cpu_sse3.cpp:1:
/usr/lib/gcc/x86_64-linux-gnu/9/include/pmmintrin.h: In function ‘int main()’:
/usr/lib/gcc/x86_64-linux-gnu/9/include/pmmintrin.h:74:1: error: inlining failed in call to always_inline ‘__m128 _mm_moveldup_ps(__m128)’: target specific option mismatch
   74 | _mm_moveldup_ps (__m128 __X)
      | ^~~~~~~~~~~~~~~
/workspaces/node-based-image-processor/opencv/cmake/checks/cpu_sse3.cpp:5:24: note: called from here
    5 |     v = _mm_moveldup_ps(u); // SSE3
      |         ~~~~~~~~~~~~~~~^~~
In file included from /workspaces/node-based-image-processor/opencv/cmake/checks/cpu_sse3.cpp:1:
/usr/lib/gcc/x86_64-linux-gnu/9/include/pmmintrin.h:74:1: error: inlining failed in call to always_inline ‘__m128 _mm_moveldup_ps(__m128)’: target specific option mismatch
   74 | _mm_moveldup_ps (__m128 __X)
      | ^~~~~~~~~~~~~~~
/workspaces/node-based-image-processor/opencv/cmake/checks/cpu_sse3.cpp:5:24: note: called from here
    5 |     v = _mm_moveldup_ps(u); // SSE3
      |         ~~~~~~~~~~~~~~~^~~
make[1]: *** [CMakeFiles/cmTC_74518.dir/build.make:66: CMakeFiles/cmTC_74518.dir/cpu_sse3.cpp.o] Error 1
make[1]: Leaving directory '/workspaces/node-based-image-processor/build/CMakeFiles/CMakeTmp'
make: *** [Makefile:121: cmTC_74518/fast] Error 2


===== END =====

Build output check failed:
    Regex: 'command[- ]line option .* is valid for .* but not for C'
    Output line: 'cc1: warning: command line option ‘-fvisibility-inlines-hidden’ is valid for C++/ObjC++ but not for C'
Compilation failed:
    source file: '/workspaces/node-based-image-processor/build/CMakeFiles/CMakeTmp/src.c'
    check option: ' -fsigned-char -W -Wall -Wreturn-type -Waddress -Wsequence-point -Wformat -Wformat-security -Wmissing-declarations -Wmissing-prototypes -Wstrict-prototypes -Wundef -Winit-self -Wpointer-arith -Wshadow -Wuninitialized -Wno-comment -Wimplicit-fallthrough=3 -Wno-strict-overflow -fdiagnostics-show-option -pthread -fomit-frame-pointer -ffunction-sections -fdata-sections  -msse3 -fvisibility=hidden  -fvisibility-inlines-hidden'
===== BUILD LOG =====
Change Dir: /workspaces/node-based-image-processor/build/CMakeFiles/CMakeTmp

Run Build Command(s):/usr/bin/make cmTC_ed048/fast && /usr/bin/make -f CMakeFiles/cmTC_ed048.dir/build.make CMakeFiles/cmTC_ed048.dir/build
make[1]: Entering directory '/workspaces/node-based-image-processor/build/CMakeFiles/CMakeTmp'
Building C object CMakeFiles/cmTC_ed048.dir/src.c.o
/usr/bin/cc   -O3 -DNDEBUG -fPIE    -fsigned-char -W -Wall -Wreturn-type -Waddress -Wsequence-point -Wformat -Wformat-security -Wmissing-declarations -Wmissing-prototypes -Wstrict-prototypes -Wundef -Winit-self -Wpointer-arith -Wshadow -Wuninitialized -Wno-comment -Wimplicit-fallthrough=3 -Wno-strict-overflow -fdiagnostics-show-option -pthread -fomit-frame-pointer -ffunction-sections -fdata-sections  -msse3 -fvisibility=hidden  -fvisibility-inlines-hidden -o CMakeFiles/cmTC_ed048.dir/src.c.o   -c /workspaces/node-based-image-processor/build/CMakeFiles/CMakeTmp/src.c
cc1: warning: command line option ‘-fvisibility-inlines-hidden’ is valid for C++/ObjC++ but not for C
/workspaces/node-based-image-processor/build/CMakeFiles/CMakeTmp/src.c:1: warning: ignoring #pragma   [-Wunknown-pragmas]
    1 | #pragma
      | 
Linking C executable cmTC_ed048
/usr/bin/cmake -E cmake_link_script CMakeFiles/cmTC_ed048.dir/link.txt --verbose=1
/usr/bin/cc   -O3 -DNDEBUG    CMakeFiles/cmTC_ed048.dir/src.c.o  -o cmTC_ed048 
make[1]: Leaving directory '/workspaces/node-based-image-processor/build/CMakeFiles/CMakeTmp'


===== END =====

Determining if the elf_aux_info exist failed with the following output:
Change Dir: /workspaces/node-based-image-processor/build/CMakeFiles/CMakeTmp

Run Build Command(s):/usr/bin/make cmTC_87e9a/fast && /usr/bin/make -f CMakeFiles/cmTC_87e9a.dir/build.make CMakeFiles/cmTC_87e9a.dir/build
make[1]: Entering directory '/workspaces/node-based-image-processor/build/CMakeFiles/CMakeTmp'
Building C object CMakeFiles/cmTC_87e9a.dir/CheckSymbolExists.c.o
/usr/bin/cc   -fsigned-char -W -Wall -Wreturn-type -Waddress -Wsequence-point -Wformat -Wformat-security -Wmissing-declarations -Wmissing-prototypes -Wstrict-prototypes -Wundef -Winit-self -Wpointer-arith -Wshadow -Wuninitialized -Wno-comment -Wimplicit-fallthrough=3 -Wno-strict-overflow -fdiagnostics-show-option -pthread -fomit-frame-pointer -ffunction-sections -fdata-sections  -msse3 -fvisibility=hidden  -O3 -DNDEBUG  -DNDEBUG -fPIE   -o CMakeFiles/cmTC_87e9a.dir/CheckSymbolExists.c.o   -c /workspaces/node-based-image-processor/build/CMakeFiles/CMakeTmp/CheckSymbolExists.c
/workspaces/node-based-image-processor/build/CMakeFiles/CMakeTmp/CheckSymbolExists.c: In function ‘main’:
/workspaces/node-based-image-processor/build/CMakeFiles/CMakeTmp/CheckSymbolExists.c:8:19: error: ‘elf_aux_info’ undeclared (first use in this function)
    8 |   return ((int*)(&elf_aux_info))[argc];
      |                   ^~~~~~~~~~~~
/workspaces/node-based-image-processor/build/CMakeFiles/CMakeTmp/CheckSymbolExists.c:8:19: note: each undeclared identifier is reported only once for each function it appears in
/workspaces/node-based-image-processor/build/CMakeFiles/CMakeTmp/CheckSymbolExists.c:4:14: warning: parameter ‘argc’ set but not used [-Wunused-but-set-parameter]
    4 | int main(int argc, char** argv)
      |          ~~~~^~~~
make[1]: *** [CMakeFiles/cmTC_87e9a.dir/build.make:66: CMakeFiles/cmTC_87e9a.dir/CheckSymbolExists.c.o] Error 1
make[1]: Leaving directory '/workspaces/node-based-image-processor/build/CMakeFiles/CMakeTmp'
make: *** [Makefile:121: cmTC_87e9a/fast] Error 2


File /workspaces/node-based-image-processor/build/CMakeFiles/CMakeTmp/CheckSymbolExists.c:
/* */
#include <sys/auxv.h>

int main(int argc, char** argv)
{
  (void)argv;
#ifndef elf_aux_info
  return ((int*)(&elf_aux_info))[argc];
#else
  (void)argc;
  return 0;
#endif
}
Build output check failed:
    Regex: 'unrecognized .*option'
    Output line: 'cc1: warning: unrecognized command line option ‘-Wno-implicit-const-int-float-conversion’'
Compilation failed:
    source file: '/workspaces/node-based-image-processor/build/CMakeFiles/CMakeTmp/src.c'
    check option: ' -Wno-implicit-const-int-float-conversion'
===== BUILD LOG =====
Change Dir: /workspaces/node-based-image-processor/build/CMakeFiles/CMakeTmp

Run Build Command(s):/usr/bin/make cmTC_98a43/fast && /usr/bin/make -f CMakeFiles/cmTC_98a43.dir/build.make CMakeFiles/cmTC_98a43.dir/build
make[1]: Entering directory '/workspaces/node-based-image-processor/build/CMakeFiles/CMakeTmp'
Building C object CMakeFiles/cmTC_98a43.dir/src.c.o
/usr/bin/cc   -fsigned-char -W -Wall -Wreturn-type -Waddress -Wsequence-point -Wformat -Wformat-security -Wmissing-declarations -Wmissing-prototypes -Wstrict-prototypes -Wundef -Winit-self -Wpointer-arith -Wshadow -Wuninitialized -Wno-comment -Wimplicit-fallthrough=3 -Wno-strict-overflow -fdiagnostics-show-option -pthread -fomit-frame-pointer -ffunction-sections -fdata-sections  -msse3 -fvisibility=hidden  -O3 -DNDEBUG  -DNDEBUG -fPIE    -Wno-implicit-const-int-float-conversion -o CMakeFiles/cmTC_98a43.dir/src.c.o   -c /workspaces/node-based-image-processor/build/CMakeFiles/CMakeTmp/src.c
/workspaces/node-based-image-processor/build/CMakeFiles/CMakeTmp/src.c:1: warning: ignoring #pragma   [-Wunknown-pragmas]
    1 | #pragma
      | 
cc1: warning: unrecognized command line option ‘-Wno-implicit-const-int-float-conversion’
Linking C executable cmTC_98a43
/usr/bin/cmake -E cmake_link_script CMakeFiles/cmTC_98a43.dir/link.txt --verbose=1
/usr/bin/cc    -fsigned-char -W -Wall -Wreturn-type -Waddress -Wsequence-point -Wformat -Wformat-security -Wmissing-declarations -Wmissing-prototypes -Wstrict-prototypes -Wundef -Winit-self -Wpointer-arith -Wshadow -Wuninitialized -Wno-comment -Wimplicit-fallthrough=3 -Wno-strict-overflow -fdiagnostics-show-option -pthread -fomit-frame-pointer -ffunction-sections -fdata-sections  -msse3 -fvisibility=hidden  -O3 -DNDEBUG  -DNDEBUG    -Wl,--gc-sections -Wl,--as-needed -Wl,--no-undefined  CMakeFiles/cmTC_98a43.dir/src.c.o  -o cmTC_98a43 
make[1]: Leaving directory '/workspaces/node-based-image-processor/build/CMakeFiles/CMakeTmp'


===== END =====

Build output check failed:
    Regex: 'unrecognized .*option'
    Output line: 'cc1: warning: unrecognized command line option ‘-Wno-documentation’'
Compilation failed:
    source file: '/workspaces/node-based-image-processor/build/CMakeFiles/CMakeTmp/src.c'
    check option: ' -Wno-documentation'
===== BUILD LOG =====
Change Dir: /workspaces/node-based-image-processor/build/CMakeFiles/CMakeTmp

Run Build Command(s):/usr/bin/make cmTC_803f5/fast && /usr/bin/make -f CMakeFiles/cmTC_803f5.dir/build.make CMakeFiles/cmTC_803f5.dir/build
make[1]: Entering directory '/workspaces/node-based-image-processor/build/CMakeFiles/CMakeTmp'
Building C object CMakeFiles/cmTC_803f5.dir/src.c.o
/usr/bin/cc   -fsigned-char -W -Wall -Wreturn-type -Waddress -Wsequence-point -Wformat -Wformat-security -Wstrict-prototypes -Wundef -Winit-self -Wpointer-arith -Wshadow -Wuninitialized -Wno-comment -Wimplicit-fallthrough=3 -Wno-strict-overflow -fdiagnostics-show-option -pthread -fomit-frame-pointer -ffunction-sections -fdata-sections  -msse3 -fvisibility=hidden -Wno-unused-but-set-variable -Wno-missing-prototypes -Wno-missing-declarations  -O3 -DNDEBUG  -DNDEBUG -fPIE    -Wno-documentation -o CMakeFiles/cmTC_803f5.dir/src.c.o   -c /workspaces/node-based-image-processor/build/CMakeFiles/CMakeTmp/src.c
/workspaces/node-based-image-processor/build/CMakeFiles/CMakeTmp/src.c:1: warning: ignoring #pragma   [-Wunknown-pragmas]
    1 | #pragma
      | 
cc1: warning: unrecognized command line option ‘-Wno-documentation’
Linking C executable cmTC_803f5
/usr/bin/cmake -E cmake_link_script CMakeFiles/cmTC_803f5.dir/link.txt --verbose=1
/usr/bin/cc    -fsigned-char -W -Wall -Wreturn-type -Waddress -Wsequence-point -Wformat -Wformat-security -Wstrict-prototypes -Wundef -Winit-self -Wpointer-arith -Wshadow -Wuninitialized -Wno-comment -Wimplicit-fallthrough=3 -Wno-strict-overflow -fdiagnostics-show-option -pthread -fomit-frame-pointer -ffunction-sections -fdata-sections  -msse3 -fvisibility=hidden -Wno-unused-but-set-variable -Wno-missing-prototypes -Wno-missing-declarations  -O3 -DNDEBUG  -DNDEBUG    -Wl,--gc-sections -Wl,--as-needed -Wl,--no-undefined  CMakeFiles/cmTC_803f5.dir/src.c.o  -o cmTC_803f5 
make[1]: Leaving directory '/workspaces/node-based-image-processor/build/CMakeFiles/CMakeTmp'


===== END =====

Determining if the _aligned_malloc exist failed with the following output:
Change Dir: /workspaces/node-based-image-processor/build/CMakeFiles/CMakeTmp

Run Build Command(s):/usr/bin/make cmTC_a8d09/fast && /usr/bin/make -f CMakeFiles/cmTC_a8d09.dir/build.make CMakeFiles/cmTC_a8d09.dir/build
make[1]: Entering directory '/workspaces/node-based-image-processor/build/CMakeFiles/CMakeTmp'
Building C object CMakeFiles/cmTC_a8d09.dir/CheckSymbolExists.c.o
/usr/bin/cc   -fsigned-char -W -Wall -Wreturn-type -Waddress -Wsequence-point -Wformat -Wformat-security -Wstrict-prototypes -Wundef -Winit-self -Wpointer-arith -Wshadow -Wuninitialized -Wno-comment -Wimplicit-fallthrough=3 -Wno-strict-overflow -fdiagnostics-show-option -pthread -fomit-frame-pointer -ffunction-sections -fdata-sections  -msse3 -fvisibility=hidden -Wno-unused-but-set-variable -Wno-missing-prototypes -Wno-missing-declarations  -O3 -DNDEBUG  -DNDEBUG -fPIE   -o CMakeFiles/cmTC_a8d09.dir/CheckSymbolExists.c.o   -c /workspaces/node-based-image-processor/build/CMakeFiles/CMakeTmp/CheckSymbolExists.c
/workspaces/node-based-image-processor/build/CMakeFiles/CMakeTmp/CheckSymbolExists.c: In function ‘main’:
/workspaces/node-based-image-processor/build/CMakeFiles/CMakeTmp/CheckSymbolExists.c:8:19: error: ‘_aligned_malloc’ undeclared (first use in this function)
    8 |   return ((int*)(&_aligned_malloc))[argc];
      |                   ^~~~~~~~~~~~~~~
/workspaces/node-based-image-processor/build/CMakeFiles/CMakeTmp/CheckSymbolExists.c:8:19: note: each undeclared identifier is reported only once for each function it appears in
/workspaces/node-based-image-processor/build/CMakeFiles/CMakeTmp/CheckSymbolExists.c:4:14: warning: parameter ‘argc’ set but not used [-Wunused-but-set-parameter]
    4 | int main(int argc, char** argv)
      |          ~~~~^~~~
make[1]: *** [CMakeFiles/cmTC_a8d09.dir/build.make:66: CMakeFiles/cmTC_a8d09.dir/CheckSymbolExists.c.o] Error 1
make[1]: Leaving directory '/workspaces/node-based-image-processor/build/CMakeFiles/CMakeTmp'
make: *** [Makefile:121: cmTC_a8d09/fast] Error 2


File /workspaces/node-based-image-processor/build/CMakeFiles/CMakeTmp/CheckSymbolExists.c:
/* */
#include <malloc.h>

int main(int argc, char** argv)
{
  (void)argv;
#ifndef _aligned_malloc
  return ((int*)(&_aligned_malloc))[argc];
#else
  (void)argc;
  return 0;
#endif
}
Determining if the function sgemm_ exists failed with the following output:
Change Dir: /workspaces/node-based-image-processor/build/CMakeFiles/CMakeTmp

Run Build Command(s):/usr/bin/make cmTC_35d5e/fast && /usr/bin/make -f CMakeFiles/cmTC_35d5e.dir/build.make CMakeFiles/cmTC_35d5e.dir/build
make[1]: Entering directory '/workspaces/node-based-image-processor/build/CMakeFiles/CMakeTmp'
Building C object CMakeFiles/cmTC_35d5e.dir/CheckFunctionExists.c.o
/usr/bin/cc   -fsigned-char -W -Wall -Wreturn-type -Waddress -Wsequence-point -Wformat -Wformat-security -Wmissing-declarations -Wmissing-prototypes -Wstrict-prototypes -Wundef -Winit-self -Wpointer-arith -Wshadow -Wuninitialized -Wno-comment -Wimplicit-fallthrough=3 -Wno-strict-overflow -fdiagnostics-show-option -pthread -fomit-frame-pointer -ffunction-sections -fdata-sections  -msse3 -fvisibility=hidden -DCHECK_FUNCTION_EXISTS=sgemm_ -O3 -DNDEBUG  -DNDEBUG -fPIE   -o CMakeFiles/cmTC_35d5e.dir/CheckFunctionExists.c.o   -c /usr/share/cmake-3.16/Modules/CheckFunctionExists.c
Linking C executable cmTC_35d5e
/usr/bin/cmake -E cmake_link_script CMakeFiles/cmTC_35d5e.dir/link.txt --verbose=1
/usr/bin/cc    -fsigned-char -W -Wall -Wreturn-type -Waddress -Wsequence-point -Wformat -Wformat-security -Wmissing-declarations -Wmissing-prototypes -Wstrict-prototypes -Wundef -Winit-self -Wpointer-arith -Wshadow -Wuninitialized -Wno-comment -Wimplicit-fallthrough=3 -Wno-strict-overflow -fdiagnostics-show-option -pthread -fomit-frame-pointer -ffunction-sections -fdata-sections  -msse3 -fvisibility=hidden -DCHECK_FUNCTION_EXISTS=sgemm_ -O3 -DNDEBUG  -DNDEBUG    -Wl,--gc-sections -Wl,--as-needed -Wl,--no-undefined  CMakeFiles/cmTC_35d5e.dir/CheckFunctionExists.c.o  -o cmTC_35d5e 
/usr/bin/ld: CMakeFiles/cmTC_35d5e.dir/CheckFunctionExists.c.o: in function `main':
CheckFunctionExists.c:(.text.startup.main+0x10): undefined reference to `sgemm_'
collect2: error: ld returned 1 exit status
make[1]: *** [CMakeFiles/cmTC_35d5e.dir/build.make:87: cmTC_35d5e] Error 1
make[1]: Leaving directory '/workspaces/node-based-image-processor/build/CMakeFiles/CMakeTmp'
make: *** [Makefile:121: cmTC_35d5e/fast] Error 2



Build output check failed:
    Regex: 'command[- ]line option .* is valid for .* but not for C\+\+'
    Output line: 'cc1plus: warning: command line option ‘-Wno-missing-prototypes’ is valid for C/ObjC but not for C++'
Compilation failed:
    source file: '/workspaces/node-based-image-processor/build/CMakeFiles/CMakeTmp/src.cxx'
    check option: ' -Wno-missing-prototypes'
===== BUILD LOG =====
Change Dir: /workspaces/node-based-image-processor/build/CMakeFiles/CMakeTmp

Run Build Command(s):/usr/bin/make cmTC_3da14/fast && /usr/bin/make -f CMakeFiles/cmTC_3da14.dir/build.make CMakeFiles/cmTC_3da14.dir/build
make[1]: Entering directory '/workspaces/node-based-image-processor/build/CMakeFiles/CMakeTmp'
Building CXX object CMakeFiles/cmTC_3da14.dir/src.cxx.o
/usr/bin/c++    -fsigned-char -W -Wall -Wreturn-type -Wnon-virtual-dtor -Waddress -Wsequence-point -Wformat -Wformat-security -Wmissing-declarations -Wundef -Winit-self -Wpointer-arith -Wshadow -Wsign-promo -Wuninitialized -Wsuggest-override -Wno-delete-non-virtual-dtor -Wno-comment -Wimplicit-fallthrough=3 -Wno-strict-overflow -fdiagnostics-show-option -pthread -fomit-frame-pointer -ffunction-sections -fdata-sections  -msse3 -fvisibility=hidden -fvisibility-inlines-hidden -Wno-deprecated  -O3 -DNDEBUG  -DNDEBUG -fPIE    -Wno-missing-prototypes -std=c++11 -o CMakeFiles/cmTC_3da14.dir/src.cxx.o -c /workspaces/node-based-image-processor/build/CMakeFiles/CMakeTmp/src.cxx
cc1plus: warning: command line option ‘-Wno-missing-prototypes’ is valid for C/ObjC but not for C++
/workspaces/node-based-image-processor/build/CMakeFiles/CMakeTmp/src.cxx:1: warning: ignoring #pragma   [-Wunknown-pragmas]
    1 | #pragma
      | 
Linking CXX executable cmTC_3da14
/usr/bin/cmake -E cmake_link_script CMakeFiles/cmTC_3da14.dir/link.txt --verbose=1
/usr/bin/c++     -fsigned-char -W -Wall -Wreturn-type -Wnon-virtual-dtor -Waddress -Wsequence-point -Wformat -Wformat-security -Wmissing-declarations -Wundef -Winit-self -Wpointer-arith -Wshadow -Wsign-promo -Wuninitialized -Wsuggest-override -Wno-delete-non-virtual-dtor -Wno-comment -Wimplicit-fallthrough=3 -Wno-strict-overflow -fdiagnostics-show-option -pthread -fomit-frame-pointer -ffunction-sections -fdata-sections  -msse3 -fvisibility=hidden -fvisibility-inlines-hidden -Wno-deprecated  -O3 -DNDEBUG  -DNDEBUG    -Wl,--gc-sections -Wl,--as-needed -Wl,--no-undefined  CMakeFiles/cmTC_3da14.dir/src.cxx.o  -o cmTC_3da14 
make[1]: Leaving directory '/workspaces/node-based-image-processor/build/CMakeFiles/CMakeTmp'


===== END =====

Build output check failed:
    Regex: 'unrecognized .*option'
    Output line: 'cc1plus: warning: unrecognized command line option ‘-Wno-tautological-undefined-compare’'
Compilation failed:
    source file: '/workspaces/node-based-image-processor/build/CMakeFiles/CMakeTmp/src.cxx'
    check option: ' -Wno-tautological-undefined-compare'
===== BUILD LOG =====
Change Dir: /workspaces/node-based-image-processor/build/CMakeFiles/CMakeTmp

Run Build Command(s):/usr/bin/make cmTC_195f3/fast && /usr/bin/make -f CMakeFiles/cmTC_195f3.dir/build.make CMakeFiles/cmTC_195f3.dir/build
make[1]: Entering directory '/workspaces/node-based-image-processor/build/CMakeFiles/CMakeTmp'
Building CXX object CMakeFiles/cmTC_195f3.dir/src.cxx.o
/usr/bin/c++    -fsigned-char -W -Wall -Wreturn-type -Wnon-virtual-dtor -Waddress -Wsequence-point -Wformat -Wformat-security -Winit-self -Wpointer-arith -Wuninitialized -Wsuggest-override -Wno-delete-non-virtual-dtor -Wno-comment -Wimplicit-fallthrough=3 -Wno-strict-overflow -fdiagnostics-show-option -pthread -fomit-frame-pointer -ffunction-sections -fdata-sections  -msse3 -fvisibility=hidden -fvisibility-inlines-hidden -Wno-deprecated -Wno-missing-declarations -Wno-shadow -Wno-unused-parameter -Wno-unused-local-typedefs -Wno-sign-compare -Wno-sign-promo -Wno-undef  -O3 -DNDEBUG  -DNDEBUG -fPIE    -Wno-tautological-undefined-compare -std=c++11 -o CMakeFiles/cmTC_195f3.dir/src.cxx.o -c /workspaces/node-based-image-processor/build/CMakeFiles/CMakeTmp/src.cxx
/workspaces/node-based-image-processor/build/CMakeFiles/CMakeTmp/src.cxx:1: warning: ignoring #pragma   [-Wunknown-pragmas]
    1 | #pragma
      | 
cc1plus: warning: unrecognized command line option ‘-Wno-tautological-undefined-compare’
Linking CXX executable cmTC_195f3
/usr/bin/cmake -E cmake_link_script CMakeFiles/cmTC_195f3.dir/link.txt --verbose=1
/usr/bin/c++     -fsigned-char -W -Wall -Wreturn-type -Wnon-virtual-dtor -Waddress -Wsequence-point -Wformat -Wformat-security -Winit-self -Wpointer-arith -Wuninitialized -Wsuggest-override -Wno-delete-non-virtual-dtor -Wno-comment -Wimplicit-fallthrough=3 -Wno-strict-overflow -fdiagnostics-show-option -pthread -fomit-frame-pointer -ffunction-sections -fdata-sections  -msse3 -fvisibility=hidden -fvisibility-inlines-hidden -Wno-deprecated -Wno-missing-declarations -Wno-shadow -Wno-unused-parameter -Wno-unused-local-typedefs -Wno-sign-compare -Wno-sign-promo -Wno-undef  -O3 -DNDEBUG  -DNDEBUG    -Wl,--gc-sections -Wl,--as-needed -Wl,--no-undefined  CMakeFiles/cmTC_195f3.dir/src.cxx.o  -o cmTC_195f3 
make[1]: Leaving directory '/workspaces/node-based-image-processor/build/CMakeFiles/CMakeTmp'


===== END =====

Build output check failed:
    Regex: 'unrecognized .*option'
    Output line: 'cc1plus: warning: unrecognized command line option ‘-Wno-shorten-64-to-32’'
Compilation failed:
    source file: '/workspaces/node-based-image-processor/build/CMakeFiles/CMakeTmp/src.cxx'
    check option: ' -Wno-shorten-64-to-32'
===== BUILD LOG =====
Change Dir: /workspaces/node-based-image-processor/build/CMakeFiles/CMakeTmp

Run Build Command(s):/usr/bin/make cmTC_a3d8f/fast && /usr/bin/make -f CMakeFiles/cmTC_a3d8f.dir/build.make CMakeFiles/cmTC_a3d8f.dir/build
make[1]: Entering directory '/workspaces/node-based-image-processor/build/CMakeFiles/CMakeTmp'
Building CXX object CMakeFiles/cmTC_a3d8f.dir/src.cxx.o
/usr/bin/c++    -fsigned-char -W -Wall -Wreturn-type -Wnon-virtual-dtor -Waddress -Wsequence-point -Wformat -Wformat-security -Winit-self -Wpointer-arith -Wuninitialized -Wsuggest-override -Wno-delete-non-virtual-dtor -Wno-comment -Wimplicit-fallthrough=3 -Wno-strict-overflow -fdiagnostics-show-option -pthread -fomit-frame-pointer -ffunction-sections -fdata-sections  -msse3 -fvisibility=hidden -fvisibility-inlines-hidden -Wno-deprecated -Wno-missing-declarations -Wno-shadow -Wno-unused-parameter -Wno-unused-local-typedefs -Wno-sign-compare -Wno-sign-promo -Wno-undef -Wno-ignored-qualifiers -Wno-extra -Wno-unused-function -Wno-unused-const-variable  -O3 -DNDEBUG  -DNDEBUG -fPIE    -Wno-shorten-64-to-32 -std=c++11 -o CMakeFiles/cmTC_a3d8f.dir/src.cxx.o -c /workspaces/node-based-image-processor/build/CMakeFiles/CMakeTmp/src.cxx
/workspaces/node-based-image-processor/build/CMakeFiles/CMakeTmp/src.cxx:1: warning: ignoring #pragma   [-Wunknown-pragmas]
    1 | #pragma
      | 
cc1plus: warning: unrecognized command line option ‘-Wno-shorten-64-to-32’
Linking CXX executable cmTC_a3d8f
/usr/bin/cmake -E cmake_link_script CMakeFiles/cmTC_a3d8f.dir/link.txt --verbose=1
/usr/bin/c++     -fsigned-char -W -Wall -Wreturn-type -Wnon-virtual-dtor -Waddress -Wsequence-point -Wformat -Wformat-security -Winit-self -Wpointer-arith -Wuninitialized -Wsuggest-override -Wno-delete-non-virtual-dtor -Wno-comment -Wimplicit-fallthrough=3 -Wno-strict-overflow -fdiagnostics-show-option -pthread -fomit-frame-pointer -ffunction-sections -fdata-sections  -msse3 -fvisibility=hidden -fvisibility-inlines-hidden -Wno-deprecated -Wno-missing-declarations -Wno-shadow -Wno-unused-parameter -Wno-unused-local-typedefs -Wno-sign-compare -Wno-sign-promo -Wno-undef -Wno-ignored-qualifiers -Wno-extra -Wno-unused-function -Wno-unused-const-variable  -O3 -DNDEBUG  -DNDEBUG    -Wl,--gc-sections -Wl,--as-needed -Wl,--no-undefined  CMakeFiles/cmTC_a3d8f.dir/src.cxx.o  -o cmTC_a3d8f 
make[1]: Leaving directory '/workspaces/node-based-image-processor/build/CMakeFiles/CMakeTmp'


===== END =====

Build output check failed:
    Regex: 'unrecognized .*option'
    Output line: 'cc1plus: warning: unrecognized command line option ‘-Wno-enum-compare-switch’'
Compilation failed:
    source file: '/workspaces/node-based-image-processor/build/CMakeFiles/CMakeTmp/src.cxx'
    check option: ' -Wno-enum-compare-switch'
===== BUILD LOG =====
Change Dir: /workspaces/node-based-image-processor/build/CMakeFiles/CMakeTmp

Run Build Command(s):/usr/bin/make cmTC_01323/fast && /usr/bin/make -f CMakeFiles/cmTC_01323.dir/build.make CMakeFiles/cmTC_01323.dir/build
make[1]: Entering directory '/workspaces/node-based-image-processor/build/CMakeFiles/CMakeTmp'
Building CXX object CMakeFiles/cmTC_01323.dir/src.cxx.o
/usr/bin/c++    -fsigned-char -W -Wall -Wreturn-type -Wnon-virtual-dtor -Waddress -Wsequence-point -Wformat -Wformat-security -Winit-self -Wpointer-arith -Wuninitialized -Wsuggest-override -Wno-delete-non-virtual-dtor -Wno-comment -Wimplicit-fallthrough=3 -Wno-strict-overflow -fdiagnostics-show-option -pthread -fomit-frame-pointer -ffunction-sections -fdata-sections  -msse3 -fvisibility=hidden -fvisibility-inlines-hidden -Wno-deprecated -Wno-missing-declarations -Wno-shadow -Wno-unused-parameter -Wno-unused-local-typedefs -Wno-sign-compare -Wno-sign-promo -Wno-undef -Wno-ignored-qualifiers -Wno-extra -Wno-unused-function -Wno-unused-const-variable -Wno-invalid-offsetof  -O3 -DNDEBUG  -DNDEBUG -fPIE    -Wno-enum-compare-switch -std=c++11 -o CMakeFiles/cmTC_01323.dir/src.cxx.o -c /workspaces/node-based-image-processor/build/CMakeFiles/CMakeTmp/src.cxx
/workspaces/node-based-image-processor/build/CMakeFiles/CMakeTmp/src.cxx:1: warning: ignoring #pragma   [-Wunknown-pragmas]
    1 | #pragma
      | 
cc1plus: warning: unrecognized command line option ‘-Wno-enum-compare-switch’
Linking CXX executable cmTC_01323
/usr/bin/cmake -E cmake_link_script CMakeFiles/cmTC_01323.dir/link.txt --verbose=1
/usr/bin/c++     -fsigned-char -W -Wall -Wreturn-type -Wnon-virtual-dtor -Waddress -Wsequence-point -Wformat -Wformat-security -Winit-self -Wpointer-arith -Wuninitialized -Wsuggest-override -Wno-delete-non-virtual-dtor -Wno-comment -Wimplicit-fallthrough=3 -Wno-strict-overflow -fdiagnostics-show-option -pthread -fomit-frame-pointer -ffunction-sections -fdata-sections  -msse3 -fvisibility=hidden -fvisibility-inlines-hidden -Wno-deprecated -Wno-missing-declarations -Wno-shadow -Wno-unused-parameter -Wno-unused-local-typedefs -Wno-sign-compare -Wno-sign-promo -Wno-undef -Wno-ignored-qualifiers -Wno-extra -Wno-unused-function -Wno-unused-const-variable -Wno-invalid-offsetof  -O3 -DNDEBUG  -DNDEBUG    -Wl,--gc-sections -Wl,--as-needed -Wl,--no-undefined  CMakeFiles/cmTC_01323.dir/src.cxx.o  -o cmTC_01323 
make[1]: Leaving directory '/workspaces/node-based-image-processor/build/CMakeFiles/CMakeTmp'


===== END =====

Build output check failed:
    Regex: 'unrecognized .*option'
    Output line: 'cc1plus: warning: unrecognized command line option ‘-Wno-inconsistent-missing-override’'
Compilation failed:
    source file: '/workspaces/node-based-image-processor/build/CMakeFiles/CMakeTmp/src.cxx'
    check option: ' -Wno-inconsistent-missing-override'
===== BUILD LOG =====
Change Dir: /workspaces/node-based-image-processor/build/CMakeFiles/CMakeTmp

Run Build Command(s):/usr/bin/make cmTC_c2e5f/fast && /usr/bin/make -f CMakeFiles/cmTC_c2e5f.dir/build.make CMakeFiles/cmTC_c2e5f.dir/build
make[1]: Entering directory '/workspaces/node-based-image-processor/build/CMakeFiles/CMakeTmp'
Building CXX object CMakeFiles/cmTC_c2e5f.dir/src.cxx.o
/usr/bin/c++    -fsigned-char -W -Wall -Wreturn-type -Wnon-virtual-dtor -Waddress -Wsequence-point -Wformat -Wformat-security -Winit-self -Wpointer-arith -Wuninitialized -Wno-delete-non-virtual-dtor -Wno-comment -Wimplicit-fallthrough=3 -Wno-strict-overflow -fdiagnostics-show-option -pthread -fomit-frame-pointer -ffunction-sections -fdata-sections  -msse3 -fvisibility=hidden -fvisibility-inlines-hidden -Wno-deprecated -Wno-missing-declarations -Wno-shadow -Wno-unused-parameter -Wno-unused-local-typedefs -Wno-sign-compare -Wno-sign-promo -Wno-undef -Wno-ignored-qualifiers -Wno-extra -Wno-unused-function -Wno-unused-const-variable -Wno-invalid-offsetof -Wno-suggest-override  -O3 -DNDEBUG  -DNDEBUG -fPIE    -Wno-inconsistent-missing-override -std=c++11 -o CMakeFiles/cmTC_c2e5f.dir/src.cxx.o -c /workspaces/node-based-image-processor/build/CMakeFiles/CMakeTmp/src.cxx
/workspaces/node-based-image-processor/build/CMakeFiles/CMakeTmp/src.cxx:1: warning: ignoring #pragma   [-Wunknown-pragmas]
    1 | #pragma
      | 
cc1plus: warning: unrecognized command line option ‘-Wno-inconsistent-missing-override’
Linking CXX executable cmTC_c2e5f
/usr/bin/cmake -E cmake_link_script CMakeFiles/cmTC_c2e5f.dir/link.txt --verbose=1
/usr/bin/c++     -fsigned-char -W -Wall -Wreturn-type -Wnon-virtual-dtor -Waddress -Wsequence-point -Wformat -Wformat-security -Winit-self -Wpointer-arith -Wuninitialized -Wno-delete-non-virtual-dtor -Wno-comment -Wimplicit-fallthrough=3 -Wno-strict-overflow -fdiagnostics-show-option -pthread -fomit-frame-pointer -ffunction-sections -fdata-sections  -msse3 -fvisibility=hidden -fvisibility-inlines-hidden -Wno-deprecated -Wno-missing-declarations -Wno-shadow -Wno-unused-parameter -Wno-unused-local-typedefs -Wno-sign-compare -Wno-sign-promo -Wno-undef -Wno-ignored-qualifiers -Wno-extra -Wno-unused-function -Wno-unused-const-variable -Wno-invalid-offsetof -Wno-suggest-override  -O3 -DNDEBUG  -DNDEBUG    -Wl,--gc-sections -Wl,--as-needed -Wl,--no-undefined  CMakeFiles/cmTC_c2e5f.dir/src.cxx.o  -o cmTC_c2e5f 
make[1]: Leaving directory '/workspaces/node-based-image-processor/build/CMakeFiles/CMakeTmp'


===== END =====

Build output check failed:
    Regex: 'unrecognized .*option'
    Output line: 'cc1plus: warning: unrecognized command line option ‘-Wno-stringop-overread’'
Compilation failed:
    source file: '/workspaces/node-based-image-processor/build/CMakeFiles/CMakeTmp/src.cxx'
    check option: ' -Wno-stringop-overread'
===== BUILD LOG =====
Change Dir: /workspaces/node-based-image-processor/build/CMakeFiles/CMakeTmp

Run Build Command(s):/usr/bin/make cmTC_60c40/fast && /usr/bin/make -f CMakeFiles/cmTC_60c40.dir/build.make CMakeFiles/cmTC_60c40.dir/build
make[1]: Entering directory '/workspaces/node-based-image-processor/build/CMakeFiles/CMakeTmp'
Building CXX object CMakeFiles/cmTC_60c40.dir/src.cxx.o
/usr/bin/c++    -fsigned-char -W -Wall -Wreturn-type -Wnon-virtual-dtor -Waddress -Wsequence-point -Wformat -Wformat-security -Winit-self -Wpointer-arith -Wuninitialized -Wno-delete-non-virtual-dtor -Wno-comment -Wno-strict-overflow -fdiagnostics-show-option -pthread -fomit-frame-pointer -ffunction-sections -fdata-sections  -msse3 -fvisibility=hidden -fvisibility-inlines-hidden -Wno-deprecated -Wno-missing-declarations -Wno-shadow -Wno-unused-parameter -Wno-unused-local-typedefs -Wno-sign-compare -Wno-sign-promo -Wno-undef -Wno-ignored-qualifiers -Wno-extra -Wno-unused-function -Wno-unused-const-variable -Wno-invalid-offsetof -Wno-suggest-override -Wno-implicit-fallthrough -Wno-array-bounds -Wno-stringop-overflow  -O3 -DNDEBUG  -DNDEBUG -fPIE    -Wno-stringop-overread -std=c++11 -o CMakeFiles/cmTC_60c40.dir/src.cxx.o -c /workspaces/node-based-image-processor/build/CMakeFiles/CMakeTmp/src.cxx
/workspaces/node-based-image-processor/build/CMakeFiles/CMakeTmp/src.cxx:1: warning: ignoring #pragma   [-Wunknown-pragmas]
    1 | #pragma
      | 
cc1plus: warning: unrecognized command line option ‘-Wno-stringop-overread’
Linking CXX executable cmTC_60c40
/usr/bin/cmake -E cmake_link_script CMakeFiles/cmTC_60c40.dir/link.txt --verbose=1
/usr/bin/c++     -fsigned-char -W -Wall -Wreturn-type -Wnon-virtual-dtor -Waddress -Wsequence-point -Wformat -Wformat-security -Winit-self -Wpointer-arith -Wuninitialized -Wno-delete-non-virtual-dtor -Wno-comment -Wno-strict-overflow -fdiagnostics-show-option -pthread -fomit-frame-pointer -ffunction-sections -fdata-sections  -msse3 -fvisibility=hidden -fvisibility-inlines-hidden -Wno-deprecated -Wno-missing-declarations -Wno-shadow -Wno-unused-parameter -Wno-unused-local-typedefs -Wno-sign-compare -Wno-sign-promo -Wno-undef -Wno-ignored-qualifiers -Wno-extra -Wno-unused-function -Wno-unused-const-variable -Wno-invalid-offsetof -Wno-suggest-override -Wno-implicit-fallthrough -Wno-array-bounds -Wno-stringop-overflow  -O3 -DNDEBUG  -DNDEBUG    -Wl,--gc-sections -Wl,--as-needed -Wl,--no-undefined  CMakeFiles/cmTC_60c40.dir/src.cxx.o  -o cmTC_60c40 
make[1]: Leaving directory '/workspaces/node-based-image-processor/build/CMakeFiles/CMakeTmp'


===== END =====

Build output check failed:
    Regex: 'unrecognized .*option'
    Output line: 'cc1plus: warning: unrecognized command line option ‘-Wno-comma’'
Compilation failed:
    source file: '/workspaces/node-based-image-processor/build/CMakeFiles/CMakeTmp/src.cxx'
    check option: ' -Wno-comma'
===== BUILD LOG =====
Change Dir: /workspaces/node-based-image-processor/build/CMakeFiles/CMakeTmp

Run Build Command(s):/usr/bin/make cmTC_84c6e/fast && /usr/bin/make -f CMakeFiles/cmTC_84c6e.dir/build.make CMakeFiles/cmTC_84c6e.dir/build
make[1]: Entering directory '/workspaces/node-based-image-processor/build/CMakeFiles/CMakeTmp'
Building CXX object CMakeFiles/cmTC_84c6e.dir/src.cxx.o
/usr/bin/c++    -fsigned-char -W -Wall -Wreturn-type -Wnon-virtual-dtor -Waddress -Wsequence-point -Wformat -Wformat-security -Winit-self -Wpointer-arith -Wuninitialized -Wno-delete-non-virtual-dtor -Wno-comment -Wno-strict-overflow -fdiagnostics-show-option -pthread -fomit-frame-pointer -ffunction-sections -fdata-sections  -msse3 -fvisibility=hidden -fvisibility-inlines-hidden -Wno-deprecated -Wno-missing-declarations -Wno-shadow -Wno-unused-parameter -Wno-unused-local-typedefs -Wno-sign-compare -Wno-sign-promo -Wno-undef -Wno-ignored-qualifiers -Wno-extra -Wno-unused-function -Wno-unused-const-variable -Wno-invalid-offsetof -Wno-suggest-override -Wno-implicit-fallthrough -Wno-array-bounds -Wno-stringop-overflow -Wno-extra-semi  -O3 -DNDEBUG  -DNDEBUG -fPIE    -Wno-comma -std=c++11 -o CMakeFiles/cmTC_84c6e.dir/src.cxx.o -c /workspaces/node-based-image-processor/build/CMakeFiles/CMakeTmp/src.cxx
/workspaces/node-based-image-processor/build/CMakeFiles/CMakeTmp/src.cxx:1: warning: ignoring #pragma   [-Wunknown-pragmas]
    1 | #pragma
      | 
cc1plus: warning: unrecognized command line option ‘-Wno-comma’
Linking CXX executable cmTC_84c6e
/usr/bin/cmake -E cmake_link_script CMakeFiles/cmTC_84c6e.dir/link.txt --verbose=1
/usr/bin/c++     -fsigned-char -W -Wall -Wreturn-type -Wnon-virtual-dtor -Waddress -Wsequence-point -Wformat -Wformat-security -Winit-self -Wpointer-arith -Wuninitialized -Wno-delete-non-virtual-dtor -Wno-comment -Wno-strict-overflow -fdiagnostics-show-option -pthread -fomit-frame-pointer -ffunction-sections -fdata-sections  -msse3 -fvisibility=hidden -fvisibility-inlines-hidden -Wno-deprecated -Wno-missing-declarations -Wno-shadow -Wno-unused-parameter -Wno-unused-local-typedefs -Wno-sign-compare -Wno-sign-promo -Wno-undef -Wno-ignored-qualifiers -Wno-extra -Wno-unused-function -Wno-unused-const-variable -Wno-invalid-offsetof -Wno-suggest-override -Wno-implicit-fallthrough -Wno-array-bounds -Wno-stringop-overflow -Wno-extra-semi  -O3 -DNDEBUG  -DNDEBUG    -Wl,--gc-sections -Wl,--as-needed -Wl,--no-undefined  CMakeFiles/cmTC_84c6e.dir/src.cxx.o  -o cmTC_84c6e 
make[1]: Leaving directory '/workspaces/node-based-image-processor/build/CMakeFiles/CMakeTmp'


===== END =====

Determining if the include file sys/videoio.h exists failed with the following output:
Change Dir: /workspaces/node-based-image-processor/build/CMakeFiles/CMakeTmp

Run Build Command(s):/usr/bin/make cmTC_e421c/fast && /usr/bin/make -f CMakeFiles/cmTC_e421c.dir/build.make CMakeFiles/cmTC_e421c.dir/build
make[1]: Entering directory '/workspaces/node-based-image-processor/build/CMakeFiles/CMakeTmp'
Building C object CMakeFiles/cmTC_e421c.dir/CheckIncludeFile.c.o
/usr/bin/cc   -fsigned-char -W -Wall -Wreturn-type -Waddress -Wsequence-point -Wformat -Wformat-security -Wmissing-declarations -Wmissing-prototypes -Wstrict-prototypes -Wundef -Winit-self -Wpointer-arith -Wshadow -Wuninitialized -Wno-comment -Wimplicit-fallthrough=3 -Wno-strict-overflow -fdiagnostics-show-option -pthread -fomit-frame-pointer -ffunction-sections -fdata-sections  -msse3 -fvisibility=hidden  -O3 -DNDEBUG  -DNDEBUG -fPIE   -o CMakeFiles/cmTC_e421c.dir/CheckIncludeFile.c.o   -c /workspaces/node-based-image-processor/build/CMakeFiles/CMakeTmp/CheckIncludeFile.c
/workspaces/node-based-image-processor/build/CMakeFiles/CMakeTmp/CheckIncludeFile.c:1:10: fatal error: sys/videoio.h: No such file or directory
    1 | #include <sys/videoio.h>
      |          ^~~~~~~~~~~~~~~
compilation terminated.
make[1]: *** [CMakeFiles/cmTC_e421c.dir/build.make:66: CMakeFiles/cmTC_e421c.dir/CheckIncludeFile.c.o] Error 1
make[1]: Leaving directory '/workspaces/node-based-image-processor/build/CMakeFiles/CMakeTmp'
make: *** [Makefile:121: cmTC_e421c/fast] Error 2



